Using pre-set license
Built from '2020.3/staging' branch; Version is '2020.3.13f1 (71691879b7f5) revision 7432472'; Using compiler version '192528614'; Build Type 'Release'
OS: 'Windows 10 Pro; OS build 19042.1083; Version 2009; 64bit' Language: 'en' Physical Memory: 16287 MB
BatchMode: 1, IsHumanControllingUs: 0, StartBugReporterOnCrash: 0, Is64bit: 1, IsPro: 0

 COMMAND LINE ARGUMENTS:
C:\Program Files\Unity\Hub\Editor\2020.3.13f1\Editor\Unity.exe
-adb2
-batchMode
-noUpm
-name
AssetImportWorker0
-projectPath
C:/Users/INSITE/Desktop/Demos(Base)/Demos(Base)/Chess Demos/VR-Chess-Demo-main
-logFile
Logs/AssetImportWorker0.log
-srvPort
50497
Successfully changed project path to: C:/Users/INSITE/Desktop/Demos(Base)/Demos(Base)/Chess Demos/VR-Chess-Demo-main
C:/Users/INSITE/Desktop/Demos(Base)/Demos(Base)/Chess Demos/VR-Chess-Demo-main
Using Asset Import Pipeline V2.
Refreshing native plugins compatible for Editor in 69.85 ms, found 14 plugins.
Preloading 1 native plugins for Editor in 1.14 ms.
Initialize engine version: 2020.3.13f1 (71691879b7f5)
[Subsystems] Discovering subsystems at path C:/Program Files/Unity/Hub/Editor/2020.3.13f1/Editor/Data/Resources/UnitySubsystems
[Subsystems] Discovering subsystems at path C:/Users/INSITE/Desktop/Demos(Base)/Demos(Base)/Chess Demos/VR-Chess-Demo-main/Assets
GfxDevice: creating device client; threaded=0
Direct3D:
    Version:  Direct3D 11.0 [level 11.1]
    Renderer: NVIDIA GeForce GTX 1080 (ID=0x1b80)
    Vendor:   
    VRAM:     8079 MB
    Driver:   27.21.14.6677
Initialize mono
Mono path[0] = 'C:/Program Files/Unity/Hub/Editor/2020.3.13f1/Editor/Data/Managed'
Mono path[1] = 'C:/Program Files/Unity/Hub/Editor/2020.3.13f1/Editor/Data/MonoBleedingEdge/lib/mono/unityjit'
Mono config path = 'C:/Program Files/Unity/Hub/Editor/2020.3.13f1/Editor/Data/MonoBleedingEdge/etc'
Using monoOptions --debugger-agent=transport=dt_socket,embedding=1,server=y,suspend=n,address=127.0.0.1:56532
Begin MonoManager ReloadAssembly
Registering precompiled unity dll's ...
Register platform support module: C:/Program Files/Unity/Hub/Editor/2020.3.13f1/Editor/Data/PlaybackEngines/WindowsStandaloneSupport/UnityEditor.WindowsStandalone.Extensions.dll
Registered in 0.001793 seconds.
Native extension for WindowsStandalone target not found
Refreshing native plugins compatible for Editor in 68.53 ms, found 14 plugins.
Preloading 1 native plugins for Editor in 0.10 ms.
Mono: successfully reloaded assembly
- Completed reload, in  1.173 seconds
Platform modules already initialized, skipping
Registering precompiled user dll's ...
Registered in 0.011016 seconds.
Begin MonoManager ReloadAssembly
Native extension for WindowsStandalone target not found
Refreshing native plugins compatible for Editor in 53.20 ms, found 14 plugins.
Preloading 1 native plugins for Editor in 0.15 ms.
Mono: successfully reloaded assembly
- Completed reload, in  1.458 seconds
Platform modules already initialized, skipping
========================================================================
Worker process is ready to serve import requests
Launched and connected shader compiler UnityShaderCompiler.exe after 0.05 seconds
Refreshing native plugins compatible for Editor in 0.78 ms, found 14 plugins.
Preloading 1 native plugins for Editor in 0.08 ms.
Unloading 2313 Unused Serialized files (Serialized files now loaded: 0)
System memory in use before: 175.6 MB.
System memory in use after: 175.6 MB.

Unloading 40 unused Assets to reduce memory usage. Loaded Objects now: 2798.
Total: 2.727800 ms (FindLiveObjects: 0.255300 ms CreateObjectMapping: 0.105500 ms MarkObjects: 2.252200 ms  DeleteObjects: 0.114100 ms)

AssetImportParameters requested are different than current active one (requested -> active):
  custom:framework-win-MediaFoundation: 216162199b28c13a410421893ffa2e32 -> 
  custom:video-decoder-ogg-theora: a1e56fd34408186e4bbccfd4996cb3dc -> 
  custom:container-muxer-webm: aa71ff27fc2769a1b78a27578f13a17b -> 
  custom:container-demuxer-webm: 4f35f7cbe854078d1ac9338744f61a02 -> 
  custom:container-demuxer-ogg: 62fdf1f143b41e24485cea50d1cbac27 -> 
  custom:video-encoder-webm-vp8: eb34c28f22e8b96e1ab97ce403110664 -> 
  custom:video-decoder-webm-vp8: 9c59270c3fd7afecdb556c50c9e8de78 -> 
  custom:audio-decoder-ogg-vorbis: bf7c407c2cedff20999df2af8eb42d56 -> 
  custom:audio-encoder-webm-vorbis: bf7c407c2cedff20999df2af8eb42d56 -> 
========================================================================
Received Import Request.
  path: Assets/Resources/Chess Pieces/Rook/Prefabs/RookDark.prefab
  artifactKey: Guid(a72c2cd1520039b4084a4a33dfeccf7e) Importer(815301076,1909f56bfc062723c751e8b465ee728b)
Start importing Assets/Resources/Chess Pieces/Rook/Prefabs/RookDark.prefab using Guid(a72c2cd1520039b4084a4a33dfeccf7e) Importer(815301076,1909f56bfc062723c751e8b465ee728b)  -> (artifact id: 'f4395233dc48818fc35a76bb212e92c5') in 0.094179 seconds 
  Import took 0.097498 seconds .

========================================================================
Received Import Request.
  Time since last request: 0.000238 seconds.
  path: Assets/Resources/Chess Pieces/Rook/Prefabs/RookLight.prefab
  artifactKey: Guid(f1fc282519e5c4a4daaa864f9c3d446f) Importer(815301076,1909f56bfc062723c751e8b465ee728b)
Start importing Assets/Resources/Chess Pieces/Rook/Prefabs/RookLight.prefab using Guid(f1fc282519e5c4a4daaa864f9c3d446f) Importer(815301076,1909f56bfc062723c751e8b465ee728b)  -> (artifact id: '4f6296da31198da46ec1a69e8996c79d') in 0.017589 seconds 
  Import took 0.022430 seconds .

========================================================================
Received Import Request.
  Time since last request: 47.272461 seconds.
  path: Assets/Resources/Scripts/DragAndDropPiece.cs
  artifactKey: Guid(d0a8495d785bf49d8bdfcdb959cb1a1a) Importer(815301076,1909f56bfc062723c751e8b465ee728b)
Start importing Assets/Resources/Scripts/DragAndDropPiece.cs using Guid(d0a8495d785bf49d8bdfcdb959cb1a1a) Importer(815301076,1909f56bfc062723c751e8b465ee728b)  -> (artifact id: 'e30f6f30f206f24270037176cfec90b7') in 0.011714 seconds 
  Import took 0.015566 seconds .

========================================================================
Received Import Request.
  Time since last request: 0.021935 seconds.
  path: Assets/Resources/Scripts/DragAndDropPiece.cs
  artifactKey: Guid(d0a8495d785bf49d8bdfcdb959cb1a1a) Importer(815301076,1909f56bfc062723c751e8b465ee728b)
Start importing Assets/Resources/Scripts/DragAndDropPiece.cs using Guid(d0a8495d785bf49d8bdfcdb959cb1a1a) Importer(815301076,1909f56bfc062723c751e8b465ee728b)  -> (artifact id: 'e30f6f30f206f24270037176cfec90b7') in 0.002639 seconds 
  Import took 0.006704 seconds .

========================================================================
Received Prepare
Registering precompiled user dll's ...
Registered in 0.011123 seconds.
Begin MonoManager ReloadAssembly
Native extension for WindowsStandalone target not found
Refreshing native plugins compatible for Editor in 0.76 ms, found 14 plugins.
Preloading 1 native plugins for Editor in 0.08 ms.
Mono: successfully reloaded assembly
- Completed reload, in  1.168 seconds
Platform modules already initialized, skipping
Refreshing native plugins compatible for Editor in 0.79 ms, found 14 plugins.
Preloading 1 native plugins for Editor in 0.08 ms.
Unloading 2260 Unused Serialized files (Serialized files now loaded: 0)
System memory in use before: 173.4 MB.
System memory in use after: 173.6 MB.

Unloading 34 unused Assets to reduce memory usage. Loaded Objects now: 2808.
Total: 2.628100 ms (FindLiveObjects: 0.240800 ms CreateObjectMapping: 0.078300 ms MarkObjects: 2.252200 ms  DeleteObjects: 0.055900 ms)

AssetImportParameters requested are different than current active one (requested -> active):
  custom:framework-win-MediaFoundation: 216162199b28c13a410421893ffa2e32 -> 
  custom:video-decoder-ogg-theora: a1e56fd34408186e4bbccfd4996cb3dc -> 
  custom:container-muxer-webm: aa71ff27fc2769a1b78a27578f13a17b -> 
  custom:container-demuxer-webm: 4f35f7cbe854078d1ac9338744f61a02 -> 
  custom:container-demuxer-ogg: 62fdf1f143b41e24485cea50d1cbac27 -> 
  custom:video-encoder-webm-vp8: eb34c28f22e8b96e1ab97ce403110664 -> 
  custom:video-decoder-webm-vp8: 9c59270c3fd7afecdb556c50c9e8de78 -> 
  custom:audio-decoder-ogg-vorbis: bf7c407c2cedff20999df2af8eb42d56 -> 
  custom:audio-encoder-webm-vorbis: bf7c407c2cedff20999df2af8eb42d56 -> 
========================================================================
Received Import Request.
  Time since last request: 17.061682 seconds.
  path: Assets/Resources/Chess Pieces/Rook/Prefabs/RookDark.prefab
  artifactKey: Guid(a72c2cd1520039b4084a4a33dfeccf7e) Importer(815301076,1909f56bfc062723c751e8b465ee728b)
Start importing Assets/Resources/Chess Pieces/Rook/Prefabs/RookDark.prefab using Guid(a72c2cd1520039b4084a4a33dfeccf7e) Importer(815301076,1909f56bfc062723c751e8b465ee728b)  -> (artifact id: '792f1e66a2e5470997ca59d02a91b685') in 0.059756 seconds 
  Import took 0.063605 seconds .

========================================================================
Received Prepare
Registering precompiled user dll's ...
Registered in 0.016480 seconds.
Begin MonoManager ReloadAssembly
Native extension for WindowsStandalone target not found
Refreshing native plugins compatible for Editor in 0.80 ms, found 14 plugins.
Preloading 1 native plugins for Editor in 0.08 ms.
Mono: successfully reloaded assembly
- Completed reload, in  1.135 seconds
Platform modules already initialized, skipping
Refreshing native plugins compatible for Editor in 0.86 ms, found 14 plugins.
Preloading 1 native plugins for Editor in 0.07 ms.
Unloading 2260 Unused Serialized files (Serialized files now loaded: 0)
System memory in use before: 173.4 MB.
System memory in use after: 173.7 MB.

Unloading 34 unused Assets to reduce memory usage. Loaded Objects now: 2813.
Total: 2.674800 ms (FindLiveObjects: 0.228400 ms CreateObjectMapping: 0.079800 ms MarkObjects: 2.327700 ms  DeleteObjects: 0.038000 ms)

AssetImportParameters requested are different than current active one (requested -> active):
  custom:framework-win-MediaFoundation: 216162199b28c13a410421893ffa2e32 -> 
  custom:video-decoder-ogg-theora: a1e56fd34408186e4bbccfd4996cb3dc -> 
  custom:container-muxer-webm: aa71ff27fc2769a1b78a27578f13a17b -> 
  custom:container-demuxer-webm: 4f35f7cbe854078d1ac9338744f61a02 -> 
  custom:container-demuxer-ogg: 62fdf1f143b41e24485cea50d1cbac27 -> 
  custom:video-encoder-webm-vp8: eb34c28f22e8b96e1ab97ce403110664 -> 
  custom:video-decoder-webm-vp8: 9c59270c3fd7afecdb556c50c9e8de78 -> 
  custom:audio-decoder-ogg-vorbis: bf7c407c2cedff20999df2af8eb42d56 -> 
  custom:audio-encoder-webm-vorbis: bf7c407c2cedff20999df2af8eb42d56 -> 
========================================================================
Received Prepare
Registering precompiled user dll's ...
Registered in 0.010829 seconds.
Begin MonoManager ReloadAssembly
Native extension for WindowsStandalone target not found
Refreshing native plugins compatible for Editor in 0.77 ms, found 14 plugins.
Preloading 1 native plugins for Editor in 0.08 ms.
Mono: successfully reloaded assembly
- Completed reload, in  1.219 seconds
Platform modules already initialized, skipping
Refreshing native plugins compatible for Editor in 0.81 ms, found 14 plugins.
Preloading 1 native plugins for Editor in 0.07 ms.
Unloading 2260 Unused Serialized files (Serialized files now loaded: 0)
System memory in use before: 173.5 MB.
System memory in use after: 173.7 MB.

Unloading 34 unused Assets to reduce memory usage. Loaded Objects now: 2817.
Total: 2.868800 ms (FindLiveObjects: 0.400400 ms CreateObjectMapping: 0.179400 ms MarkObjects: 2.238700 ms  DeleteObjects: 0.048200 ms)

AssetImportParameters requested are different than current active one (requested -> active):
  custom:framework-win-MediaFoundation: 216162199b28c13a410421893ffa2e32 -> 
  custom:video-decoder-ogg-theora: a1e56fd34408186e4bbccfd4996cb3dc -> 
  custom:container-muxer-webm: aa71ff27fc2769a1b78a27578f13a17b -> 
  custom:container-demuxer-webm: 4f35f7cbe854078d1ac9338744f61a02 -> 
  custom:container-demuxer-ogg: 62fdf1f143b41e24485cea50d1cbac27 -> 
  custom:video-encoder-webm-vp8: eb34c28f22e8b96e1ab97ce403110664 -> 
  custom:video-decoder-webm-vp8: 9c59270c3fd7afecdb556c50c9e8de78 -> 
  custom:audio-decoder-ogg-vorbis: bf7c407c2cedff20999df2af8eb42d56 -> 
  custom:audio-encoder-webm-vorbis: bf7c407c2cedff20999df2af8eb42d56 -> 
========================================================================
Received Prepare
Registering precompiled user dll's ...
Registered in 0.011785 seconds.
Begin MonoManager ReloadAssembly
Native extension for WindowsStandalone target not found
Refreshing native plugins compatible for Editor in 0.94 ms, found 14 plugins.
Preloading 1 native plugins for Editor in 0.12 ms.
Mono: successfully reloaded assembly
- Completed reload, in  1.451 seconds
Platform modules already initialized, skipping
Refreshing native plugins compatible for Editor in 0.99 ms, found 14 plugins.
Preloading 1 native plugins for Editor in 0.10 ms.
Unloading 2260 Unused Serialized files (Serialized files now loaded: 0)
System memory in use before: 173.5 MB.
System memory in use after: 173.7 MB.

Unloading 34 unused Assets to reduce memory usage. Loaded Objects now: 2821.
Total: 2.999300 ms (FindLiveObjects: 0.310700 ms CreateObjectMapping: 0.108800 ms MarkObjects: 2.554100 ms  DeleteObjects: 0.024500 ms)

AssetImportParameters requested are different than current active one (requested -> active):
  custom:framework-win-MediaFoundation: 216162199b28c13a410421893ffa2e32 -> 
  custom:video-decoder-ogg-theora: a1e56fd34408186e4bbccfd4996cb3dc -> 
  custom:container-muxer-webm: aa71ff27fc2769a1b78a27578f13a17b -> 
  custom:container-demuxer-webm: 4f35f7cbe854078d1ac9338744f61a02 -> 
  custom:container-demuxer-ogg: 62fdf1f143b41e24485cea50d1cbac27 -> 
  custom:video-encoder-webm-vp8: eb34c28f22e8b96e1ab97ce403110664 -> 
  custom:video-decoder-webm-vp8: 9c59270c3fd7afecdb556c50c9e8de78 -> 
  custom:audio-decoder-ogg-vorbis: bf7c407c2cedff20999df2af8eb42d56 -> 
  custom:audio-encoder-webm-vorbis: bf7c407c2cedff20999df2af8eb42d56 -> 
========================================================================
Received Prepare
Registering precompiled user dll's ...
Registered in 0.015120 seconds.
Begin MonoManager ReloadAssembly
Native extension for WindowsStandalone target not found
Refreshing native plugins compatible for Editor in 0.85 ms, found 14 plugins.
Preloading 1 native plugins for Editor in 0.08 ms.
Mono: successfully reloaded assembly
- Completed reload, in  1.157 seconds
Platform modules already initialized, skipping
Refreshing native plugins compatible for Editor in 0.88 ms, found 14 plugins.
Preloading 1 native plugins for Editor in 0.08 ms.
Unloading 2260 Unused Serialized files (Serialized files now loaded: 0)
System memory in use before: 173.4 MB.
System memory in use after: 173.6 MB.

Unloading 34 unused Assets to reduce memory usage. Loaded Objects now: 2825.
Total: 2.512800 ms (FindLiveObjects: 0.263600 ms CreateObjectMapping: 0.101000 ms MarkObjects: 2.106600 ms  DeleteObjects: 0.040600 ms)

AssetImportParameters requested are different than current active one (requested -> active):
  custom:framework-win-MediaFoundation: 216162199b28c13a410421893ffa2e32 -> 
  custom:video-decoder-ogg-theora: a1e56fd34408186e4bbccfd4996cb3dc -> 
  custom:container-muxer-webm: aa71ff27fc2769a1b78a27578f13a17b -> 
  custom:container-demuxer-webm: 4f35f7cbe854078d1ac9338744f61a02 -> 
  custom:container-demuxer-ogg: 62fdf1f143b41e24485cea50d1cbac27 -> 
  custom:video-encoder-webm-vp8: eb34c28f22e8b96e1ab97ce403110664 -> 
  custom:video-decoder-webm-vp8: 9c59270c3fd7afecdb556c50c9e8de78 -> 
  custom:audio-decoder-ogg-vorbis: bf7c407c2cedff20999df2af8eb42d56 -> 
  custom:audio-encoder-webm-vorbis: bf7c407c2cedff20999df2af8eb42d56 -> 
========================================================================
Received Prepare
Registering precompiled user dll's ...
Registered in 0.015516 seconds.
Begin MonoManager ReloadAssembly
Native extension for WindowsStandalone target not found
Refreshing native plugins compatible for Editor in 0.76 ms, found 14 plugins.
Preloading 1 native plugins for Editor in 0.08 ms.
Mono: successfully reloaded assembly
- Completed reload, in  1.181 seconds
Platform modules already initialized, skipping
Refreshing native plugins compatible for Editor in 0.77 ms, found 14 plugins.
Preloading 1 native plugins for Editor in 0.07 ms.
Unloading 2260 Unused Serialized files (Serialized files now loaded: 0)
System memory in use before: 173.5 MB.
System memory in use after: 173.7 MB.

Unloading 34 unused Assets to reduce memory usage. Loaded Objects now: 2829.
Total: 3.075600 ms (FindLiveObjects: 0.245200 ms CreateObjectMapping: 0.079200 ms MarkObjects: 2.705800 ms  DeleteObjects: 0.044200 ms)

AssetImportParameters requested are different than current active one (requested -> active):
  custom:framework-win-MediaFoundation: 216162199b28c13a410421893ffa2e32 -> 
  custom:video-decoder-ogg-theora: a1e56fd34408186e4bbccfd4996cb3dc -> 
  custom:container-muxer-webm: aa71ff27fc2769a1b78a27578f13a17b -> 
  custom:container-demuxer-webm: 4f35f7cbe854078d1ac9338744f61a02 -> 
  custom:container-demuxer-ogg: 62fdf1f143b41e24485cea50d1cbac27 -> 
  custom:video-encoder-webm-vp8: eb34c28f22e8b96e1ab97ce403110664 -> 
  custom:video-decoder-webm-vp8: 9c59270c3fd7afecdb556c50c9e8de78 -> 
  custom:audio-decoder-ogg-vorbis: bf7c407c2cedff20999df2af8eb42d56 -> 
  custom:audio-encoder-webm-vorbis: bf7c407c2cedff20999df2af8eb42d56 -> 
========================================================================
Received Prepare
Registering precompiled user dll's ...
Registered in 0.013755 seconds.
Begin MonoManager ReloadAssembly
Native extension for WindowsStandalone target not found
Refreshing native plugins compatible for Editor in 0.98 ms, found 14 plugins.
Preloading 1 native plugins for Editor in 0.13 ms.
Mono: successfully reloaded assembly
- Completed reload, in  1.501 seconds
Platform modules already initialized, skipping
Refreshing native plugins compatible for Editor in 0.96 ms, found 14 plugins.
Preloading 1 native plugins for Editor in 0.11 ms.
Unloading 2260 Unused Serialized files (Serialized files now loaded: 0)
System memory in use before: 173.5 MB.
System memory in use after: 173.7 MB.

Unloading 34 unused Assets to reduce memory usage. Loaded Objects now: 2833.
Total: 3.390000 ms (FindLiveObjects: 0.416000 ms CreateObjectMapping: 0.211600 ms MarkObjects: 2.735200 ms  DeleteObjects: 0.026200 ms)

AssetImportParameters requested are different than current active one (requested -> active):
  custom:framework-win-MediaFoundation: 216162199b28c13a410421893ffa2e32 -> 
  custom:video-decoder-ogg-theora: a1e56fd34408186e4bbccfd4996cb3dc -> 
  custom:container-muxer-webm: aa71ff27fc2769a1b78a27578f13a17b -> 
  custom:container-demuxer-webm: 4f35f7cbe854078d1ac9338744f61a02 -> 
  custom:container-demuxer-ogg: 62fdf1f143b41e24485cea50d1cbac27 -> 
  custom:video-encoder-webm-vp8: eb34c28f22e8b96e1ab97ce403110664 -> 
  custom:video-decoder-webm-vp8: 9c59270c3fd7afecdb556c50c9e8de78 -> 
  custom:audio-decoder-ogg-vorbis: bf7c407c2cedff20999df2af8eb42d56 -> 
  custom:audio-encoder-webm-vorbis: bf7c407c2cedff20999df2af8eb42d56 -> 
========================================================================
Received Prepare
Refreshing native plugins compatible for Editor in 8.03 ms, found 14 plugins.
Preloading 1 native plugins for Editor in 0.07 ms.
Unloading 30 Unused Serialized files (Serialized files now loaded: 0)
System memory in use before: 128.4 MB.
System memory in use after: 128.6 MB.

Unloading 30 unused Assets to reduce memory usage. Loaded Objects now: 2833.
Total: 2.591900 ms (FindLiveObjects: 0.229400 ms CreateObjectMapping: 0.084400 ms MarkObjects: 2.225800 ms  DeleteObjects: 0.051400 ms)

AssetImportParameters requested are different than current active one (requested -> active):
  custom:framework-win-MediaFoundation: 216162199b28c13a410421893ffa2e32 -> 
  custom:video-decoder-ogg-theora: a1e56fd34408186e4bbccfd4996cb3dc -> 
  custom:container-muxer-webm: aa71ff27fc2769a1b78a27578f13a17b -> 
  custom:container-demuxer-webm: 4f35f7cbe854078d1ac9338744f61a02 -> 
  custom:container-demuxer-ogg: 62fdf1f143b41e24485cea50d1cbac27 -> 
  custom:video-encoder-webm-vp8: eb34c28f22e8b96e1ab97ce403110664 -> 
  custom:video-decoder-webm-vp8: 9c59270c3fd7afecdb556c50c9e8de78 -> 
  custom:audio-decoder-ogg-vorbis: bf7c407c2cedff20999df2af8eb42d56 -> 
  custom:audio-encoder-webm-vorbis: bf7c407c2cedff20999df2af8eb42d56 -> 
========================================================================
Received Prepare
Refreshing native plugins compatible for Editor in 7.97 ms, found 14 plugins.
Preloading 1 native plugins for Editor in 0.06 ms.
Unloading 30 Unused Serialized files (Serialized files now loaded: 0)
System memory in use before: 128.4 MB.
System memory in use after: 128.6 MB.

Unloading 30 unused Assets to reduce memory usage. Loaded Objects now: 2833.
Total: 2.558600 ms (FindLiveObjects: 0.228800 ms CreateObjectMapping: 0.084500 ms MarkObjects: 2.229000 ms  DeleteObjects: 0.015700 ms)

AssetImportParameters requested are different than current active one (requested -> active):
  custom:framework-win-MediaFoundation: 216162199b28c13a410421893ffa2e32 -> 
  custom:video-decoder-ogg-theora: a1e56fd34408186e4bbccfd4996cb3dc -> 
  custom:container-muxer-webm: aa71ff27fc2769a1b78a27578f13a17b -> 
  custom:container-demuxer-webm: 4f35f7cbe854078d1ac9338744f61a02 -> 
  custom:container-demuxer-ogg: 62fdf1f143b41e24485cea50d1cbac27 -> 
  custom:video-encoder-webm-vp8: eb34c28f22e8b96e1ab97ce403110664 -> 
  custom:video-decoder-webm-vp8: 9c59270c3fd7afecdb556c50c9e8de78 -> 
  custom:audio-decoder-ogg-vorbis: bf7c407c2cedff20999df2af8eb42d56 -> 
  custom:audio-encoder-webm-vorbis: bf7c407c2cedff20999df2af8eb42d56 -> 
========================================================================
Received Import Request.
  Time since last request: 1494.107305 seconds.
  path: Assets/XR/XRGeneralSettings.asset
  artifactKey: Guid(2471bc7fed3d24e9e91f456f6689e278) Importer(815301076,1909f56bfc062723c751e8b465ee728b)
Start importing Assets/XR/XRGeneralSettings.asset using Guid(2471bc7fed3d24e9e91f456f6689e278) Importer(815301076,1909f56bfc062723c751e8b465ee728b) [XR] Error loading subsystem: Display (1) (header mismatch?)
 -> (artifact id: '3f15a2a2395e2eefe704d32100a24778') in 0.046642 seconds 
  Import took 0.050809 seconds .

========================================================================
Received Import Request.
  Time since last request: 1.937086 seconds.
  path: Assets/SteamVR/SteamVR.asmdef
  artifactKey: Guid(1fbf338ef6b952a448262a7ff7df5fe4) Importer(815301076,1909f56bfc062723c751e8b465ee728b)
Start importing Assets/SteamVR/SteamVR.asmdef using Guid(1fbf338ef6b952a448262a7ff7df5fe4) Importer(815301076,1909f56bfc062723c751e8b465ee728b)  -> (artifact id: 'a902fd0d949c0383781a691f4ed99334') in 0.009265 seconds 
  Import took 0.013658 seconds .

========================================================================
Received Import Request.
  Time since last request: 2.963242 seconds.
  path: Assets/SteamVR/Scripts
  artifactKey: Guid(d88af1b1098a33a42bc43c910c864102) Importer(815301076,1909f56bfc062723c751e8b465ee728b)
Start importing Assets/SteamVR/Scripts using Guid(d88af1b1098a33a42bc43c910c864102) Importer(815301076,1909f56bfc062723c751e8b465ee728b)  -> (artifact id: '7345af95a20f84cc353f221cd0102835') in 0.002079 seconds 
  Import took 0.006478 seconds .

========================================================================
Received Import Request.
  Time since last request: 1.038919 seconds.
  path: Assets/SteamVR/Scripts/SteamVR_CameraFlip.cs
  artifactKey: Guid(f5be45115742b07478e21c85fcc233ec) Importer(815301076,1909f56bfc062723c751e8b465ee728b)
Start importing Assets/SteamVR/Scripts/SteamVR_CameraFlip.cs using Guid(f5be45115742b07478e21c85fcc233ec) Importer(815301076,1909f56bfc062723c751e8b465ee728b)  -> (artifact id: '0d5ccac62c9642b3a258d1ad99de4aff') in 0.008667 seconds 
  Import took 0.012185 seconds .

========================================================================
Received Import Request.
  Time since last request: 0.006975 seconds.
  path: Assets/SteamVR/Scripts/SteamVR_CameraFlip.cs
  artifactKey: Guid(f5be45115742b07478e21c85fcc233ec) Importer(815301076,1909f56bfc062723c751e8b465ee728b)
Start importing Assets/SteamVR/Scripts/SteamVR_CameraFlip.cs using Guid(f5be45115742b07478e21c85fcc233ec) Importer(815301076,1909f56bfc062723c751e8b465ee728b)  -> (artifact id: '0d5ccac62c9642b3a258d1ad99de4aff') in 0.002459 seconds 
  Import took 0.006364 seconds .

========================================================================
Received Import Request.
  Time since last request: 1.402458 seconds.
  path: Assets/SteamVR/Scripts/SteamVR_Camera.cs
  artifactKey: Guid(6bca9ccf900ccc84c887d783321d27e2) Importer(815301076,1909f56bfc062723c751e8b465ee728b)
Start importing Assets/SteamVR/Scripts/SteamVR_Camera.cs using Guid(6bca9ccf900ccc84c887d783321d27e2) Importer(815301076,1909f56bfc062723c751e8b465ee728b)  -> (artifact id: '181a2e0fc8904190709839b74353ec7d') in 0.007941 seconds 
  Import took 0.012207 seconds .

========================================================================
Received Import Request.
  Time since last request: 0.934767 seconds.
  path: Assets/SteamVR/Scripts/SteamVR_Behaviour.cs
  artifactKey: Guid(1aaa8a3afb932fe478757c1e89cf0cd5) Importer(815301076,1909f56bfc062723c751e8b465ee728b)
Start importing Assets/SteamVR/Scripts/SteamVR_Behaviour.cs using Guid(1aaa8a3afb932fe478757c1e89cf0cd5) Importer(815301076,1909f56bfc062723c751e8b465ee728b)  -> (artifact id: 'c8fbf6be3872cf6b972c63c3e46a2771') in 0.008125 seconds 
  Import took 0.012275 seconds .

========================================================================
Received Import Request.
  Time since last request: 0.679245 seconds.
  path: Assets/SteamVR/Scripts/SteamVR.cs
  artifactKey: Guid(7fae0ddab09ac324c85494471274d6a4) Importer(815301076,1909f56bfc062723c751e8b465ee728b)
Start importing Assets/SteamVR/Scripts/SteamVR.cs using Guid(7fae0ddab09ac324c85494471274d6a4) Importer(815301076,1909f56bfc062723c751e8b465ee728b)  -> (artifact id: 'd262435f2d3874d18d479cbacf07838a') in 0.002181 seconds 
  Import took 0.006224 seconds .

AssetImportWorkerClient::OnTransportError - code=2 error=End of file
